<?xml version="1.0" encoding="UTF-8"?>
<testng-results skipped="0" failed="0" total="1" passed="1">
  <reporter-output>
  </reporter-output>
  <suite name="org.ravi.helloworld.HelloTest" duration-ms="11018" started-at="2019-09-06T09:06:26Z" finished-at="2019-09-06T09:06:38Z">
    <groups>
    </groups>
    <test name="Command line test" duration-ms="11018" started-at="2019-09-06T09:06:26Z" finished-at="2019-09-06T09:06:38Z">
      <class name="org.ravi.helloworld.HelloTest">
        <test-method status="PASS" signature="beforeTest()[pri:0, instance:org.ravi.helloworld.HelloTest@2d3fcdbd]" name="beforeTest" is-config="true" duration-ms="10274" started-at="2019-09-06T14:36:26Z" finished-at="2019-09-06T14:36:37Z">
          <reporter-output>
          </reporter-output>
        </test-method> <!-- beforeTest -->
        <test-method status="PASS" signature="f()[pri:0, instance:org.ravi.helloworld.HelloTest@2d3fcdbd]" name="f" duration-ms="1" started-at="2019-09-06T14:36:37Z" finished-at="2019-09-06T14:36:37Z">
          <reporter-output>
          </reporter-output>
        </test-method> <!-- f -->
        <test-method status="PASS" signature="afterTest()[pri:0, instance:org.ravi.helloworld.HelloTest@2d3fcdbd]" name="afterTest" is-config="true" duration-ms="725" started-at="2019-09-06T14:36:37Z" finished-at="2019-09-06T14:36:38Z">
          <reporter-output>
          </reporter-output>
        </test-method> <!-- afterTest -->
      </class> <!-- org.ravi.helloworld.HelloTest -->
    </test> <!-- Command line test -->
  </suite> <!-- org.ravi.helloworld.HelloTest -->
</testng-results>
